[2.166s] DEBUG:colcon:Command line arguments: ['/usr/bin/colcon', 'build']
[2.166s] DEBUG:colcon:Parsed command line arguments: Namespace(log_base=None, log_level=None, verb_name='build', build_base='build', install_base='install', merge_install=False, symlink_install=False, test_result_base=None, continue_on_error=False, executor='parallel', parallel_workers=8, event_handlers=None, ignore_user_meta=False, metas=['./colcon.meta'], base_paths=['.'], packages_ignore=None, packages_ignore_regex=None, paths=None, packages_up_to=None, packages_up_to_regex=None, packages_above=None, packages_above_and_dependencies=None, packages_above_depth=None, packages_select_by_dep=None, packages_skip_by_dep=None, packages_skip_up_to=None, packages_select_build_failed=False, packages_skip_build_finished=False, packages_select_test_failures=False, packages_skip_test_passed=False, packages_select=None, packages_skip=None, packages_select_regex=None, packages_skip_regex=None, packages_start=None, packages_end=None, allow_overriding=[], cmake_args=None, cmake_target=None, cmake_target_skip_unavailable=False, cmake_clean_cache=False, cmake_clean_first=False, cmake_force_configure=False, ament_cmake_args=None, catkin_cmake_args=None, catkin_skip_building_tests=False, verb_parser=<colcon_defaults.argument_parser.defaults.DefaultArgumentsDecorator object at 0x780b5f334f40>, verb_extension=<colcon_core.verb.build.BuildVerb object at 0x780b5f334a00>, main=<bound method BuildVerb.main of <colcon_core.verb.build.BuildVerb object at 0x780b5f334a00>>)
[4.590s] Level 1:colcon.colcon_core.package_discovery:discover_packages(colcon_meta) check parameters
[4.590s] Level 1:colcon.colcon_core.package_discovery:discover_packages(recursive) check parameters
[4.590s] Level 1:colcon.colcon_core.package_discovery:discover_packages(ignore) check parameters
[4.590s] Level 1:colcon.colcon_core.package_discovery:discover_packages(path) check parameters
[4.591s] Level 1:colcon.colcon_core.package_discovery:discover_packages(colcon_meta) discover
[4.591s] Level 1:colcon.colcon_core.package_discovery:discover_packages(recursive) discover
[4.591s] INFO:colcon.colcon_core.package_discovery:Crawling recursively for packages in '/home/naruto/my_workspace'
[4.591s] Level 1:colcon.colcon_core.package_identification:_identify(.) by extensions ['ignore', 'ignore_ament_install']
[4.591s] Level 1:colcon.colcon_core.package_identification:_identify(.) by extension 'ignore'
[4.591s] Level 1:colcon.colcon_core.package_identification:_identify(.) by extension 'ignore_ament_install'
[4.592s] Level 1:colcon.colcon_core.package_identification:_identify(.) by extensions ['colcon_pkg']
[4.592s] Level 1:colcon.colcon_core.package_identification:_identify(.) by extension 'colcon_pkg'
[4.592s] Level 1:colcon.colcon_core.package_identification:_identify(.) by extensions ['colcon_meta']
[4.592s] Level 1:colcon.colcon_core.package_identification:_identify(.) by extension 'colcon_meta'
[4.592s] Level 1:colcon.colcon_core.package_identification:_identify(.) by extensions ['ros']
[4.592s] Level 1:colcon.colcon_core.package_identification:_identify(.) by extension 'ros'
[4.616s] Level 1:colcon.colcon_core.package_identification:_identify(.) by extensions ['cmake', 'python']
[4.616s] Level 1:colcon.colcon_core.package_identification:_identify(.) by extension 'cmake'
[4.616s] Level 1:colcon.colcon_core.package_identification:_identify(.) by extension 'python'
[4.616s] Level 1:colcon.colcon_core.package_identification:_identify(.) by extensions ['python_setup_py']
[4.616s] Level 1:colcon.colcon_core.package_identification:_identify(.) by extension 'python_setup_py'
[4.616s] Level 1:colcon.colcon_core.package_identification:_identify(build) by extensions ['ignore', 'ignore_ament_install']
[4.617s] Level 1:colcon.colcon_core.package_identification:_identify(build) by extension 'ignore'
[4.617s] Level 1:colcon.colcon_core.package_identification:_identify(build) ignored
[4.617s] Level 1:colcon.colcon_core.package_identification:_identify(install) by extensions ['ignore', 'ignore_ament_install']
[4.617s] Level 1:colcon.colcon_core.package_identification:_identify(install) by extension 'ignore'
[4.617s] Level 1:colcon.colcon_core.package_identification:_identify(install) ignored
[4.617s] Level 1:colcon.colcon_core.package_identification:_identify(log) by extensions ['ignore', 'ignore_ament_install']
[4.617s] Level 1:colcon.colcon_core.package_identification:_identify(log) by extension 'ignore'
[4.618s] Level 1:colcon.colcon_core.package_identification:_identify(log) ignored
[4.618s] Level 1:colcon.colcon_core.package_identification:_identify(src) by extensions ['ignore', 'ignore_ament_install']
[4.618s] Level 1:colcon.colcon_core.package_identification:_identify(src) by extension 'ignore'
[4.618s] Level 1:colcon.colcon_core.package_identification:_identify(src) by extension 'ignore_ament_install'
[4.618s] Level 1:colcon.colcon_core.package_identification:_identify(src) by extensions ['colcon_pkg']
[4.618s] Level 1:colcon.colcon_core.package_identification:_identify(src) by extension 'colcon_pkg'
[4.618s] Level 1:colcon.colcon_core.package_identification:_identify(src) by extensions ['colcon_meta']
[4.618s] Level 1:colcon.colcon_core.package_identification:_identify(src) by extension 'colcon_meta'
[4.618s] Level 1:colcon.colcon_core.package_identification:_identify(src) by extensions ['ros']
[4.618s] Level 1:colcon.colcon_core.package_identification:_identify(src) by extension 'ros'
[4.619s] Level 1:colcon.colcon_core.package_identification:_identify(src) by extensions ['cmake', 'python']
[4.619s] Level 1:colcon.colcon_core.package_identification:_identify(src) by extension 'cmake'
[4.619s] Level 1:colcon.colcon_core.package_identification:_identify(src) by extension 'python'
[4.619s] Level 1:colcon.colcon_core.package_identification:_identify(src) by extensions ['python_setup_py']
[4.619s] Level 1:colcon.colcon_core.package_identification:_identify(src) by extension 'python_setup_py'
[4.619s] Level 1:colcon.colcon_core.package_identification:_identify(src/desenhar) by extensions ['ignore', 'ignore_ament_install']
[4.619s] Level 1:colcon.colcon_core.package_identification:_identify(src/desenhar) by extension 'ignore'
[4.619s] Level 1:colcon.colcon_core.package_identification:_identify(src/desenhar) by extension 'ignore_ament_install'
[4.619s] Level 1:colcon.colcon_core.package_identification:_identify(src/desenhar) by extensions ['colcon_pkg']
[4.619s] Level 1:colcon.colcon_core.package_identification:_identify(src/desenhar) by extension 'colcon_pkg'
[4.620s] Level 1:colcon.colcon_core.package_identification:_identify(src/desenhar) by extensions ['colcon_meta']
[4.620s] Level 1:colcon.colcon_core.package_identification:_identify(src/desenhar) by extension 'colcon_meta'
[4.620s] Level 1:colcon.colcon_core.package_identification:_identify(src/desenhar) by extensions ['ros']
[4.620s] Level 1:colcon.colcon_core.package_identification:_identify(src/desenhar) by extension 'ros'
[4.661s] DEBUG:colcon.colcon_core.package_identification:Package 'src/desenhar' with type 'ros.ament_python' and name 'desenhar'
[4.661s] Level 1:colcon.colcon_core.package_discovery:discover_packages(recursive) using defaults
[4.661s] Level 1:colcon.colcon_core.package_discovery:discover_packages(ignore) discover
[4.661s] Level 1:colcon.colcon_core.package_discovery:discover_packages(ignore) using defaults
[4.661s] Level 1:colcon.colcon_core.package_discovery:discover_packages(path) discover
[4.661s] Level 1:colcon.colcon_core.package_discovery:discover_packages(path) using defaults
[4.977s] Level 1:colcon.colcon_core.package_discovery:discover_packages(prefix_path) check parameters
[4.977s] Level 1:colcon.colcon_core.package_discovery:discover_packages(prefix_path) discover
[5.054s] DEBUG:colcon.colcon_installed_package_information.package_discovery:Found 384 installed packages in /opt/ros/humble
[5.059s] Level 1:colcon.colcon_core.package_discovery:discover_packages(prefix_path) using defaults
[5.184s] Level 5:colcon.colcon_core.verb:set package 'desenhar' build argument 'cmake_args' from command line to 'None'
[5.184s] Level 5:colcon.colcon_core.verb:set package 'desenhar' build argument 'cmake_target' from command line to 'None'
[5.184s] Level 5:colcon.colcon_core.verb:set package 'desenhar' build argument 'cmake_target_skip_unavailable' from command line to 'False'
[5.184s] Level 5:colcon.colcon_core.verb:set package 'desenhar' build argument 'cmake_clean_cache' from command line to 'False'
[5.184s] Level 5:colcon.colcon_core.verb:set package 'desenhar' build argument 'cmake_clean_first' from command line to 'False'
[5.184s] Level 5:colcon.colcon_core.verb:set package 'desenhar' build argument 'cmake_force_configure' from command line to 'False'
[5.185s] Level 5:colcon.colcon_core.verb:set package 'desenhar' build argument 'ament_cmake_args' from command line to 'None'
[5.185s] Level 5:colcon.colcon_core.verb:set package 'desenhar' build argument 'catkin_cmake_args' from command line to 'None'
[5.185s] Level 5:colcon.colcon_core.verb:set package 'desenhar' build argument 'catkin_skip_building_tests' from command line to 'False'
[5.185s] DEBUG:colcon.colcon_core.verb:Building package 'desenhar' with the following arguments: {'ament_cmake_args': None, 'build_base': '/home/naruto/my_workspace/build/desenhar', 'catkin_cmake_args': None, 'catkin_skip_building_tests': False, 'cmake_args': None, 'cmake_clean_cache': False, 'cmake_clean_first': False, 'cmake_force_configure': False, 'cmake_target': None, 'cmake_target_skip_unavailable': False, 'install_base': '/home/naruto/my_workspace/install/desenhar', 'merge_install': False, 'path': '/home/naruto/my_workspace/src/desenhar', 'symlink_install': False, 'test_result_base': None}
[5.185s] INFO:colcon.colcon_core.executor:Executing jobs using 'parallel' executor
[5.187s] DEBUG:colcon.colcon_parallel_executor.executor.parallel:run_until_complete
[5.187s] INFO:colcon.colcon_ros.task.ament_python.build:Building ROS package in '/home/naruto/my_workspace/src/desenhar' with build type 'ament_python'
[5.187s] Level 1:colcon.colcon_core.shell:create_environment_hook('desenhar', 'ament_prefix_path')
[5.341s] INFO:colcon.colcon_core.plugin_system:Skipping extension 'colcon_core.shell.bat': Not used on non-Windows systems
[5.342s] INFO:colcon.colcon_core.shell:Creating environment hook '/home/naruto/my_workspace/install/desenhar/share/desenhar/hook/ament_prefix_path.ps1'
[5.366s] INFO:colcon.colcon_core.shell:Creating environment descriptor '/home/naruto/my_workspace/install/desenhar/share/desenhar/hook/ament_prefix_path.dsv'
[5.379s] INFO:colcon.colcon_core.shell:Creating environment hook '/home/naruto/my_workspace/install/desenhar/share/desenhar/hook/ament_prefix_path.sh'
[5.392s] INFO:colcon.colcon_core.shell:Skip shell extension 'powershell' for command environment: Not usable outside of PowerShell
[5.392s] DEBUG:colcon.colcon_core.shell:Skip shell extension 'dsv' for command environment
[5.972s] INFO:colcon.colcon_core.task.python.build:Building Python package in '/home/naruto/my_workspace/src/desenhar'
[5.972s] INFO:colcon.colcon_core.shell:Skip shell extension 'powershell' for command environment: Not usable outside of PowerShell
[5.973s] DEBUG:colcon.colcon_core.shell:Skip shell extension 'dsv' for command environment
[8.849s] DEBUG:colcon.colcon_core.event_handler.log_command:Invoking command in '/home/naruto/my_workspace/src/desenhar': PS1=(cli) ${debian_chroot:+($debian_chroot)}\u@\h:\w\$ PYTHONPATH=/home/naruto/my_workspace/build/desenhar/prefix_override:/home/naruto/my_workspace/install/desenhar/lib/python3.10/site-packages:${PYTHONPATH} VIRTUAL_ENV_PROMPT=(cli) /usr/bin/python3 -W ignore:setup.py install is deprecated setup.py egg_info --egg-base ../../build/desenhar build --build-base /home/naruto/my_workspace/build/desenhar/build install --record /home/naruto/my_workspace/build/desenhar/install.log --single-version-externally-managed install_data
[9.460s] DEBUG:colcon.colcon_core.event_handler.log_command:Invoked command in '/home/naruto/my_workspace/src/desenhar' returned '0': PS1=(cli) ${debian_chroot:+($debian_chroot)}\u@\h:\w\$ PYTHONPATH=/home/naruto/my_workspace/build/desenhar/prefix_override:/home/naruto/my_workspace/install/desenhar/lib/python3.10/site-packages:${PYTHONPATH} VIRTUAL_ENV_PROMPT=(cli) /usr/bin/python3 -W ignore:setup.py install is deprecated setup.py egg_info --egg-base ../../build/desenhar build --build-base /home/naruto/my_workspace/build/desenhar/build install --record /home/naruto/my_workspace/build/desenhar/install.log --single-version-externally-managed install_data
[9.662s] Level 1:colcon.colcon_core.environment:checking '/home/naruto/my_workspace/install/desenhar' for CMake module files
[9.663s] Level 1:colcon.colcon_core.environment:checking '/home/naruto/my_workspace/install/desenhar' for CMake config files
[9.664s] Level 1:colcon.colcon_core.environment:checking '/home/naruto/my_workspace/install/desenhar/lib'
[9.665s] Level 1:colcon.colcon_core.environment:checking '/home/naruto/my_workspace/install/desenhar/bin'
[9.665s] Level 1:colcon.colcon_core.environment:checking '/home/naruto/my_workspace/install/desenhar/lib/pkgconfig/desenhar.pc'
[9.665s] Level 1:colcon.colcon_core.environment:checking '/home/naruto/my_workspace/install/desenhar/lib/python3.10/site-packages'
[9.666s] Level 1:colcon.colcon_core.shell:create_environment_hook('desenhar', 'pythonpath')
[9.666s] INFO:colcon.colcon_core.shell:Creating environment hook '/home/naruto/my_workspace/install/desenhar/share/desenhar/hook/pythonpath.ps1'
[9.667s] INFO:colcon.colcon_core.shell:Creating environment descriptor '/home/naruto/my_workspace/install/desenhar/share/desenhar/hook/pythonpath.dsv'
[9.668s] INFO:colcon.colcon_core.shell:Creating environment hook '/home/naruto/my_workspace/install/desenhar/share/desenhar/hook/pythonpath.sh'
[9.669s] Level 1:colcon.colcon_core.environment:checking '/home/naruto/my_workspace/install/desenhar/bin'
[9.669s] Level 1:colcon.colcon_core.environment:create_environment_scripts_only(desenhar)
[9.670s] INFO:colcon.colcon_core.shell:Creating package script '/home/naruto/my_workspace/install/desenhar/share/desenhar/package.ps1'
[9.683s] INFO:colcon.colcon_core.shell:Creating package descriptor '/home/naruto/my_workspace/install/desenhar/share/desenhar/package.dsv'
[9.696s] INFO:colcon.colcon_core.shell:Creating package script '/home/naruto/my_workspace/install/desenhar/share/desenhar/package.sh'
[9.709s] INFO:colcon.colcon_core.shell:Creating package script '/home/naruto/my_workspace/install/desenhar/share/desenhar/package.bash'
[9.723s] INFO:colcon.colcon_core.shell:Creating package script '/home/naruto/my_workspace/install/desenhar/share/desenhar/package.zsh'
[9.747s] Level 1:colcon.colcon_core.environment:create_file_with_runtime_dependencies(/home/naruto/my_workspace/install/desenhar/share/colcon-core/packages/desenhar)
[9.748s] DEBUG:colcon.colcon_parallel_executor.executor.parallel:closing loop
[9.749s] DEBUG:colcon.colcon_parallel_executor.executor.parallel:loop closed
[9.749s] DEBUG:colcon.colcon_parallel_executor.executor.parallel:run_until_complete finished with '0'
[9.749s] DEBUG:colcon.colcon_core.event_reactor:joining thread
[9.817s] INFO:colcon.colcon_core.plugin_system:Skipping extension 'colcon_notification.desktop_notification.terminal_notifier': Not used on non-Darwin systems
[9.817s] INFO:colcon.colcon_core.plugin_system:Skipping extension 'colcon_notification.desktop_notification.win32': Not used on non-Windows systems
[9.817s] INFO:colcon.colcon_notification.desktop_notification:Sending desktop notification using 'notify2'
[9.839s] DEBUG:colcon.colcon_core.event_reactor:joined thread
[9.840s] INFO:colcon.colcon_core.shell:Creating prefix script '/home/naruto/my_workspace/install/local_setup.ps1'
[9.850s] INFO:colcon.colcon_core.shell:Creating prefix util module '/home/naruto/my_workspace/install/_local_setup_util_ps1.py'
[9.865s] INFO:colcon.colcon_core.shell:Creating prefix chain script '/home/naruto/my_workspace/install/setup.ps1'
[9.878s] INFO:colcon.colcon_core.shell:Creating prefix script '/home/naruto/my_workspace/install/local_setup.sh'
[9.891s] INFO:colcon.colcon_core.shell:Creating prefix util module '/home/naruto/my_workspace/install/_local_setup_util_sh.py'
[9.892s] INFO:colcon.colcon_core.shell:Creating prefix chain script '/home/naruto/my_workspace/install/setup.sh'
[9.905s] INFO:colcon.colcon_core.shell:Creating prefix script '/home/naruto/my_workspace/install/local_setup.bash'
[9.918s] INFO:colcon.colcon_core.shell:Creating prefix chain script '/home/naruto/my_workspace/install/setup.bash'
[9.931s] INFO:colcon.colcon_core.shell:Creating prefix script '/home/naruto/my_workspace/install/local_setup.zsh'
[9.945s] INFO:colcon.colcon_core.shell:Creating prefix chain script '/home/naruto/my_workspace/install/setup.zsh'
