[0.181s] Invoking command in '/home/naruto/my_workspace/build/turtlesim': CMAKE_PREFIX_PATH=/opt/ros/humble /usr/bin/cmake /home/naruto/my_workspace/src/ros_tutorials/turtlesim -DCMAKE_INSTALL_PREFIX=/home/naruto/my_workspace/install/turtlesim
[0.190s] -- Found ament_cmake: 1.3.8 (/opt/ros/humble/share/ament_cmake/cmake)
[0.275s] -- Found ament_index_cpp: 1.4.0 (/opt/ros/humble/share/ament_index_cpp/cmake)
[0.275s] -- Found geometry_msgs: 4.2.3 (/opt/ros/humble/share/geometry_msgs/cmake)
[0.292s] -- Found rosidl_generator_c: 3.1.5 (/opt/ros/humble/share/rosidl_generator_c/cmake)
[0.294s] -- Found rosidl_adapter: 3.1.5 (/opt/ros/humble/share/rosidl_adapter/cmake)
[0.298s] -- Found rosidl_generator_cpp: 3.1.5 (/opt/ros/humble/share/rosidl_generator_cpp/cmake)
[0.305s] -- Using all available rosidl_typesupport_c: rosidl_typesupport_fastrtps_c;rosidl_typesupport_introspection_c
[0.316s] -- Using all available rosidl_typesupport_cpp: rosidl_typesupport_fastrtps_cpp;rosidl_typesupport_introspection_cpp
[0.401s] -- Found rclcpp: 16.0.8 (/opt/ros/humble/share/rclcpp/cmake)
[0.436s] -- Found rmw_implementation_cmake: 6.1.1 (/opt/ros/humble/share/rmw_implementation_cmake/cmake)
[0.437s] -- Found rmw_fastrtps_cpp: 6.2.6 (/opt/ros/humble/share/rmw_fastrtps_cpp/cmake)
[0.520s] -- Using RMW implementation 'rmw_fastrtps_cpp' as default
[0.607s] -- Found rclcpp_action: 16.0.8 (/opt/ros/humble/share/rclcpp_action/cmake)
[0.670s] -- Found rosidl_default_generators: 1.2.0 (/opt/ros/humble/share/rosidl_default_generators/cmake)
[0.675s] -- Found std_srvs: 4.2.3 (/opt/ros/humble/share/std_srvs/cmake)
[0.753s] [31mCMake Error at /opt/ros/humble/share/rosidl_adapter/cmake/rosidl_adapt_interfaces.cmake:59 (message):
[0.754s]   execute_process(/home/naruto/venvs/cli/bin/python3 -m rosidl_adapter
[0.754s]   --package-name turtlesim --arguments-file
[0.754s]   /home/naruto/my_workspace/build/turtlesim/rosidl_adapter__arguments__turtlesim.json
[0.754s]   --output-dir
[0.754s]   /home/naruto/my_workspace/build/turtlesim/rosidl_adapter/turtlesim
[0.754s]   --output-file
[0.754s]   /home/naruto/my_workspace/build/turtlesim/rosidl_adapter/turtlesim.idls)
[0.754s]   returned error code 1:
[0.754s] 
[0.754s]   Traceback (most recent call last):
[0.754s] 
[0.754s]     File "/usr/lib/python3.10/runpy.py", line 196, in _run_module_as_main
[0.754s]       return _run_code(code, main_globals, None,
[0.754s]     File "/usr/lib/python3.10/runpy.py", line 86, in _run_code
[0.754s]       exec(code, run_globals)
[0.754s]     File "/opt/ros/humble/local/lib/python3.10/dist-packages/rosidl_adapter/__main__.py", line 19, in <module>
[0.754s]       sys.exit(main())
[0.754s]     File "/opt/ros/humble/local/lib/python3.10/dist-packages/rosidl_adapter/main.py", line 53, in main
[0.755s]       abs_idl_file = convert_to_idl(
[0.755s]     File "/opt/ros/humble/local/lib/python3.10/dist-packages/rosidl_adapter/__init__.py", line 28, in convert_to_idl
[0.755s]       from rosidl_adapter.action import convert_action_to_idl
[0.755s]     File "/opt/ros/humble/local/lib/python3.10/dist-packages/rosidl_adapter/action/__init__.py", line 16, in <module>
[0.755s]       from rosidl_adapter.resource import expand_template
[0.755s]     File "/opt/ros/humble/local/lib/python3.10/dist-packages/rosidl_adapter/resource/__init__.py", line 19, in <module>
[0.755s]       import em
[0.755s] 
[0.755s]   ModuleNotFoundError: No module named 'em'
[0.755s] 
[0.755s] Call Stack (most recent call first):
[0.755s]   /opt/ros/humble/share/rosidl_cmake/cmake/rosidl_generate_interfaces.cmake:130 (rosidl_adapt_interfaces)
[0.755s]   CMakeLists.txt:24 (rosidl_generate_interfaces)
[0.755s] 
[0.755s] [0m
[0.755s] -- Configuring incomplete, errors occurred!
[0.755s] See also "/home/naruto/my_workspace/build/turtlesim/CMakeFiles/CMakeOutput.log".
[0.761s] Invoked command in '/home/naruto/my_workspace/build/turtlesim' returned '1': CMAKE_PREFIX_PATH=/opt/ros/humble /usr/bin/cmake /home/naruto/my_workspace/src/ros_tutorials/turtlesim -DCMAKE_INSTALL_PREFIX=/home/naruto/my_workspace/install/turtlesim
