[0.447s] Invoking command in '/home/naruto/my_workspace/src/desenhar': PYTHONPATH=/home/naruto/my_workspace/build/desenhar/prefix_override:/home/naruto/my_workspace/install/desenhar/lib/python3.10/site-packages:${PYTHONPATH} /usr/bin/python3 -W ignore:setup.py install is deprecated setup.py egg_info --egg-base ../../build/desenhar build --build-base /home/naruto/my_workspace/build/desenhar/build install --record /home/naruto/my_workspace/build/desenhar/install.log --single-version-externally-managed install_data
[0.611s] running egg_info
[0.611s] writing ../../build/desenhar/desenhar.egg-info/PKG-INFO
[0.612s] writing dependency_links to ../../build/desenhar/desenhar.egg-info/dependency_links.txt
[0.612s] writing entry points to ../../build/desenhar/desenhar.egg-info/entry_points.txt
[0.612s] writing requirements to ../../build/desenhar/desenhar.egg-info/requires.txt
[0.612s] writing top-level names to ../../build/desenhar/desenhar.egg-info/top_level.txt
[0.613s] reading manifest file '../../build/desenhar/desenhar.egg-info/SOURCES.txt'
[0.614s] writing manifest file '../../build/desenhar/desenhar.egg-info/SOURCES.txt'
[0.614s] running build
[0.614s] running build_py
[0.614s] running install
[0.614s] running install_lib
[0.615s] running install_data
[0.615s] running install_egg_info
[0.616s] removing '/home/naruto/my_workspace/install/desenhar/lib/python3.10/site-packages/desenhar-0.0.0-py3.10.egg-info' (and everything under it)
[0.616s] Copying ../../build/desenhar/desenhar.egg-info to /home/naruto/my_workspace/install/desenhar/lib/python3.10/site-packages/desenhar-0.0.0-py3.10.egg-info
[0.617s] running install_scripts
[0.631s] Installing desenho script to /home/naruto/my_workspace/install/desenhar/lib/desenhar
[0.632s] writing list of installed files to '/home/naruto/my_workspace/build/desenhar/install.log'
[0.655s] Invoked command in '/home/naruto/my_workspace/src/desenhar' returned '0': PYTHONPATH=/home/naruto/my_workspace/build/desenhar/prefix_override:/home/naruto/my_workspace/install/desenhar/lib/python3.10/site-packages:${PYTHONPATH} /usr/bin/python3 -W ignore:setup.py install is deprecated setup.py egg_info --egg-base ../../build/desenhar build --build-base /home/naruto/my_workspace/build/desenhar/build install --record /home/naruto/my_workspace/build/desenhar/install.log --single-version-externally-managed install_data
