running egg_info
creating ../../build/desenhar/desenhar.egg-info
writing ../../build/desenhar/desenhar.egg-info/PKG-INFO
writing dependency_links to ../../build/desenhar/desenhar.egg-info/dependency_links.txt
writing entry points to ../../build/desenhar/desenhar.egg-info/entry_points.txt
writing requirements to ../../build/desenhar/desenhar.egg-info/requires.txt
writing top-level names to ../../build/desenhar/desenhar.egg-info/top_level.txt
writing manifest file '../../build/desenhar/desenhar.egg-info/SOURCES.txt'
reading manifest file '../../build/desenhar/desenhar.egg-info/SOURCES.txt'
writing manifest file '../../build/desenhar/desenhar.egg-info/SOURCES.txt'
running build
running build_py
creating /home/naruto/my_workspace/build/desenhar/build
creating /home/naruto/my_workspace/build/desenhar/build/lib
creating /home/naruto/my_workspace/build/desenhar/build/lib/desenhar
copying desenhar/__init__.py -> /home/naruto/my_workspace/build/desenhar/build/lib/desenhar
copying desenhar/desenhar.py -> /home/naruto/my_workspace/build/desenhar/build/lib/desenhar
running install
running install_lib
creating /home/naruto/my_workspace/install/desenhar/lib/python3.10/site-packages/desenhar
copying /home/naruto/my_workspace/build/desenhar/build/lib/desenhar/__init__.py -> /home/naruto/my_workspace/install/desenhar/lib/python3.10/site-packages/desenhar
copying /home/naruto/my_workspace/build/desenhar/build/lib/desenhar/desenhar.py -> /home/naruto/my_workspace/install/desenhar/lib/python3.10/site-packages/desenhar
byte-compiling /home/naruto/my_workspace/install/desenhar/lib/python3.10/site-packages/desenhar/__init__.py to __init__.cpython-310.pyc
byte-compiling /home/naruto/my_workspace/install/desenhar/lib/python3.10/site-packages/desenhar/desenhar.py to desenhar.cpython-310.pyc
running install_data
creating /home/naruto/my_workspace/install/desenhar/share/ament_index
creating /home/naruto/my_workspace/install/desenhar/share/ament_index/resource_index
creating /home/naruto/my_workspace/install/desenhar/share/ament_index/resource_index/packages
copying resource/desenhar -> /home/naruto/my_workspace/install/desenhar/share/ament_index/resource_index/packages
copying package.xml -> /home/naruto/my_workspace/install/desenhar/share/desenhar
running install_egg_info
Copying ../../build/desenhar/desenhar.egg-info to /home/naruto/my_workspace/install/desenhar/lib/python3.10/site-packages/desenhar-0.0.0-py3.10.egg-info
running install_scripts
writing list of installed files to '/home/naruto/my_workspace/build/desenhar/install.log'
