[0.522s] Invoking command in '/home/naruto/my_workspace/build/turtlesim': CMAKE_PREFIX_PATH=/opt/ros/humble PS1=(cli) ${debian_chroot:+($debian_chroot)}\u@\h:\w\$ VIRTUAL_ENV_PROMPT=(cli) /usr/bin/cmake /home/naruto/my_workspace/src/ros_tutorials/turtlesim -DCMAKE_INSTALL_PREFIX=/home/naruto/my_workspace/install/turtlesim
[1.971s] -- The C compiler identification is GNU 11.4.0
[3.288s] -- The CXX compiler identification is GNU 11.4.0
[3.480s] -- Detecting C compiler ABI info
[3.774s] -- Detecting C compiler ABI info - done
[3.789s] -- Check for working C compiler: /usr/bin/cc - skipped
[3.801s] -- Detecting C compile features
[3.813s] -- Detecting C compile features - done
[3.865s] -- Detecting CXX compiler ABI info
[4.090s] -- Detecting CXX compiler ABI info - done
[4.107s] -- Check for working CXX compiler: /usr/bin/c++ - skipped
[4.107s] -- Detecting CXX compile features
[4.108s] -- Detecting CXX compile features - done
[4.148s] -- Found ament_cmake: 1.3.8 (/opt/ros/humble/share/ament_cmake/cmake)
[4.486s] -- Found Python3: /home/naruto/venvs/cli/bin/python3 (found version "3.10.12") found components: Interpreter 
[5.445s] -- Found ament_index_cpp: 1.4.0 (/opt/ros/humble/share/ament_index_cpp/cmake)
[5.495s] -- Found geometry_msgs: 4.2.3 (/opt/ros/humble/share/geometry_msgs/cmake)
[6.273s] -- Found rosidl_generator_c: 3.1.5 (/opt/ros/humble/share/rosidl_generator_c/cmake)
[6.334s] -- Found rosidl_adapter: 3.1.5 (/opt/ros/humble/share/rosidl_adapter/cmake)
[6.508s] -- Found rosidl_generator_cpp: 3.1.5 (/opt/ros/humble/share/rosidl_generator_cpp/cmake)
[6.722s] -- Using all available rosidl_typesupport_c: rosidl_typesupport_fastrtps_c;rosidl_typesupport_introspection_c
[7.043s] -- Using all available rosidl_typesupport_cpp: rosidl_typesupport_fastrtps_cpp;rosidl_typesupport_introspection_cpp
[8.251s] -- Found rclcpp: 16.0.8 (/opt/ros/humble/share/rclcpp/cmake)
[9.066s] -- Found rmw_implementation_cmake: 6.1.1 (/opt/ros/humble/share/rmw_implementation_cmake/cmake)
[9.098s] -- Found rmw_fastrtps_cpp: 6.2.6 (/opt/ros/humble/share/rmw_fastrtps_cpp/cmake)
[9.953s] -- Found OpenSSL: /usr/lib/x86_64-linux-gnu/libcrypto.so (found version "3.0.2")  
[10.092s] -- Found FastRTPS: /opt/ros/humble/include  
[10.200s] -- Using RMW implementation 'rmw_fastrtps_cpp' as default
[10.391s] -- Looking for pthread.h
[10.688s] -- Looking for pthread.h - found
[10.688s] -- Performing Test CMAKE_HAVE_LIBC_PTHREAD
[10.850s] -- Performing Test CMAKE_HAVE_LIBC_PTHREAD - Success
[10.852s] -- Found Threads: TRUE  
[11.807s] -- Found rclcpp_action: 16.0.8 (/opt/ros/humble/share/rclcpp_action/cmake)
[12.783s] -- Found rosidl_default_generators: 1.2.0 (/opt/ros/humble/share/rosidl_default_generators/cmake)
[12.922s] -- Found std_srvs: 4.2.3 (/opt/ros/humble/share/std_srvs/cmake)
[13.535s] [31mCMake Error at /opt/ros/humble/share/rosidl_adapter/cmake/rosidl_adapt_interfaces.cmake:59 (message):
[13.535s]   execute_process(/home/naruto/venvs/cli/bin/python3 -m rosidl_adapter
[13.535s]   --package-name turtlesim --arguments-file
[13.535s]   /home/naruto/my_workspace/build/turtlesim/rosidl_adapter__arguments__turtlesim.json
[13.536s]   --output-dir
[13.536s]   /home/naruto/my_workspace/build/turtlesim/rosidl_adapter/turtlesim
[13.536s]   --output-file
[13.536s]   /home/naruto/my_workspace/build/turtlesim/rosidl_adapter/turtlesim.idls)
[13.536s]   returned error code 1:
[13.536s] 
[13.536s]   Traceback (most recent call last):
[13.536s] 
[13.536s]     File "/usr/lib/python3.10/runpy.py", line 196, in _run_module_as_main
[13.537s]       return _run_code(code, main_globals, None,
[13.537s]     File "/usr/lib/python3.10/runpy.py", line 86, in _run_code
[13.537s]       exec(code, run_globals)
[13.537s]     File "/opt/ros/humble/local/lib/python3.10/dist-packages/rosidl_adapter/__main__.py", line 19, in <module>
[13.537s]       sys.exit(main())
[13.537s]     File "/opt/ros/humble/local/lib/python3.10/dist-packages/rosidl_adapter/main.py", line 53, in main
[13.537s]       abs_idl_file = convert_to_idl(
[13.538s]     File "/opt/ros/humble/local/lib/python3.10/dist-packages/rosidl_adapter/__init__.py", line 28, in convert_to_idl
[13.538s]       from rosidl_adapter.action import convert_action_to_idl
[13.538s]     File "/opt/ros/humble/local/lib/python3.10/dist-packages/rosidl_adapter/action/__init__.py", line 16, in <module>
[13.538s]       from rosidl_adapter.resource import expand_template
[13.538s]     File "/opt/ros/humble/local/lib/python3.10/dist-packages/rosidl_adapter/resource/__init__.py", line 19, in <module>
[13.538s]       import em
[13.538s] 
[13.539s]   ModuleNotFoundError: No module named 'em'
[13.539s] 
[13.539s] Call Stack (most recent call first):
[13.539s]   /opt/ros/humble/share/rosidl_cmake/cmake/rosidl_generate_interfaces.cmake:130 (rosidl_adapt_interfaces)
[13.539s]   CMakeLists.txt:24 (rosidl_generate_interfaces)
[13.539s] 
[13.539s] [0m
[13.539s] -- Configuring incomplete, errors occurred!
[13.540s] See also "/home/naruto/my_workspace/build/turtlesim/CMakeFiles/CMakeOutput.log".
[13.560s] Invoked command in '/home/naruto/my_workspace/build/turtlesim' returned '1': CMAKE_PREFIX_PATH=/opt/ros/humble PS1=(cli) ${debian_chroot:+($debian_chroot)}\u@\h:\w\$ VIRTUAL_ENV_PROMPT=(cli) /usr/bin/cmake /home/naruto/my_workspace/src/ros_tutorials/turtlesim -DCMAKE_INSTALL_PREFIX=/home/naruto/my_workspace/install/turtlesim
